<?xml version='1.0'?>
<ns2:test-suite xmlns:ns2='urn:model.allure.qatools.yandex.ru' start='1588516084572' stop='1588516110067'>
    <name>As a user, test the file download page</name>
    <title>As a user, test the file download page</title>
    <test-cases>
        <test-case start='1588516084573' status='passed' stop='1588516084605'>
            <name>"before all" hook</name>
            <title>"before all" hook</title>
            <labels>
                <label name='language' value='javascript'/>
                <label name='framework' value='wdio'/>
                <label name='thread' value='0-2'/>
            </labels>
            <parameters>
                <parameter kind='argument' name='browser' value='chrome-81.0.4044.129'/>
            </parameters>
            <steps/>
            <attachments/>
        </test-case>
        <test-case start='1588516084606' status='passed' stop='1588516085814'>
            <name>Given I go to the file Downloads page</name>
            <title>Given I go to the file Downloads page</title>
            <labels>
                <label name='language' value='javascript'/>
                <label name='framework' value='wdio'/>
                <label name='thread' value='0-2'/>
            </labels>
            <parameters>
                <parameter kind='argument' name='browser' value='chrome-81.0.4044.129'/>
            </parameters>
            <steps/>
            <attachments/>
        </test-case>
        <test-case start='1588516085819' status='passed' stop='1588516089565'>
            <name>When I click on all of the downloads</name>
            <title>When I click on all of the downloads</title>
            <labels>
                <label name='language' value='javascript'/>
                <label name='framework' value='wdio'/>
                <label name='thread' value='0-2'/>
            </labels>
            <parameters>
                <parameter kind='argument' name='browser' value='chrome-81.0.4044.129'/>
            </parameters>
            <steps/>
            <attachments/>
        </test-case>
        <test-case start='1588516089566' status='broken' stop='1588516110064'>
            <name>Then verify the downloads exist</name>
            <title>Then verify the downloads exist</title>
            <labels>
                <label name='language' value='javascript'/>
                <label name='framework' value='wdio'/>
                <label name='thread' value='0-2'/>
            </labels>
            <parameters>
                <parameter kind='argument' name='browser' value='chrome-81.0.4044.129'/>
            </parameters>
            <steps/>
            <attachments/>
            <failure>
                <message>waitUntil condition timed out after 20000ms</message>
                <stack-trace>Error: waitUntil condition timed out after 20000ms
                    at downloadPage.assert (/Users/jerridmac/Downloads/tr_qa_class-master/test/pages/base.page.js:29:17)
                    at forEach (/Users/jerridmac/Downloads/tr_qa_class-master/test/specs/b.sanity/download.spec.js:56:26)
                    at Array.forEach (&lt;anonymous>)
                    at Context.&lt;anonymous> (/Users/jerridmac/Downloads/tr_qa_class-master/test/specs/b.sanity/download.spec.js:54:15)</stack-trace>
            </failure>
        </test-case>
        <test-case start='1588516110064' status='broken' stop='1588516110067'>
            <name>"after all" hook</name>
            <title>"after all" hook</title>
            <labels>
                <label name='language' value='javascript'/>
                <label name='framework' value='wdio'/>
                <label name='thread' value='0-2'/>
            </labels>
            <parameters>
                <parameter kind='argument' name='browser' value='chrome-81.0.4044.129'/>
            </parameters>
            <steps/>
            <attachments/>
            <failure>
                <message>ENOENT: no such file or directory, unlink 'tempDownload/chromedriver.exe.crdownload'</message>
                <stack-trace>Error: ENOENT: no such file or directory, unlink 'tempDownload/chromedriver.exe.crdownload'
                    at Object.unlinkSync (fs.js:1053:3)
                    at forEach (/Users/jerridmac/Downloads/tr_qa_class-master/test/specs/b.sanity/download.spec.js:64:20)
                    at Array.forEach (&lt;anonymous>)
                    at Context.&lt;anonymous> (/Users/jerridmac/Downloads/tr_qa_class-master/test/specs/b.sanity/download.spec.js:63:18)</stack-trace>
            </failure>
        </test-case>
    </test-cases>
</ns2:test-suite>